[ 2014-11-10T17:13:55+08:00 ] 192.168.2.45 /
INFO: [ app_begin ] --START--
INFO: ReadHtmlCache Behavior ::run [ RunTime:0.000744s ]
INFO: [ app_begin ] --END-- [ RunTime:0.000857s ]
NOTIC: [2048] Declaration of IndexAction::show() should be compatible with Action::show($content, $charset = '', $contentType = '', $prefix = '') E:\PHP\ms-admin\Lib\Action\IndexAction.class.php 第 2 行.
INFO: [ view_parse ] --START--
INFO: ParseTemplate Behavior ::run [ RunTime:0.014444s ]
INFO: [ view_parse ] --END-- [ RunTime:0.014562s ]
INFO: [ view_filter ] --START--
INFO: ContentReplace Behavior ::run [ RunTime:0.002132s ]
INFO: TokenBuild Behavior ::run [ RunTime:0.000729s ]
INFO: WriteHtmlCache Behavior ::run [ RunTime:0.000420s ]
INFO: ShowRuntime Behavior ::run [ RunTime:0.000639s ]
INFO: [ view_filter ] --END-- [ RunTime:0.004182s ]
INFO: [ view_end ] --START--
INFO: ShowPageTrace Behavior ::run [ RunTime:0.000840s ]
INFO: [ view_end ] --END-- [ RunTime:0.000931s ]

[ 2014-11-10T17:13:55+08:00 ] 192.168.2.45 /Index/show
INFO: [ route_check ] --START--
INFO: CheckRoute Behavior ::run [ RunTime:0.000970s ]
INFO: [ route_check ] --END-- [ RunTime:0.001099s ]
INFO: [ app_begin ] --START--
INFO: ReadHtmlCache Behavior ::run [ RunTime:0.000728s ]
INFO: [ app_begin ] --END-- [ RunTime:0.000813s ]
NOTIC: [2048] Declaration of IndexAction::show() should be compatible with Action::show($content, $charset = '', $contentType = '', $prefix = '') E:\PHP\ms-admin\Lib\Action\IndexAction.class.php 第 2 行.
INFO: [ view_parse ] --START--
INFO: ParseTemplate Behavior ::run [ RunTime:0.008469s ]
INFO: [ view_parse ] --END-- [ RunTime:0.008587s ]
INFO: [ view_filter ] --START--
INFO: ContentReplace Behavior ::run [ RunTime:0.000464s ]
INFO: TokenBuild Behavior ::run [ RunTime:0.000468s ]
INFO: WriteHtmlCache Behavior ::run [ RunTime:0.000436s ]
INFO: ShowRuntime Behavior ::run [ RunTime:0.000532s ]
INFO: [ view_filter ] --END-- [ RunTime:0.002132s ]
INFO: [ view_end ] --START--
INFO: ShowPageTrace Behavior ::run [ RunTime:0.000732s ]
INFO: [ view_end ] --END-- [ RunTime:0.000811s ]

[ 2014-11-10T17:14:18+08:00 ] 192.168.2.45 /
INFO: [ app_begin ] --START--
INFO: ReadHtmlCache Behavior ::run [ RunTime:0.000808s ]
INFO: [ app_begin ] --END-- [ RunTime:0.000900s ]
NOTIC: [2048] Declaration of IndexAction::show() should be compatible with Action::show($content, $charset = '', $contentType = '', $prefix = '') E:\PHP\ms-admin\Lib\Action\IndexAction.class.php 第 2 行.
INFO: [ view_parse ] --START--
INFO: ParseTemplate Behavior ::run [ RunTime:0.009267s ]
INFO: [ view_parse ] --END-- [ RunTime:0.009380s ]
INFO: [ view_filter ] --START--
INFO: ContentReplace Behavior ::run [ RunTime:0.000758s ]
INFO: TokenBuild Behavior ::run [ RunTime:0.001312s ]
INFO: WriteHtmlCache Behavior ::run [ RunTime:0.000534s ]
INFO: ShowRuntime Behavior ::run [ RunTime:0.000621s ]
INFO: [ view_filter ] --END-- [ RunTime:0.003468s ]
INFO: [ view_end ] --START--
INFO: ShowPageTrace Behavior ::run [ RunTime:0.000767s ]
INFO: [ view_end ] --END-- [ RunTime:0.000842s ]

[ 2014-11-10T17:14:18+08:00 ] 192.168.2.45 /Index/show
INFO: [ route_check ] --START--
INFO: CheckRoute Behavior ::run [ RunTime:0.001060s ]
INFO: [ route_check ] --END-- [ RunTime:0.001228s ]
INFO: [ app_begin ] --START--
INFO: ReadHtmlCache Behavior ::run [ RunTime:0.001078s ]
INFO: [ app_begin ] --END-- [ RunTime:0.001183s ]
NOTIC: [2048] Declaration of IndexAction::show() should be compatible with Action::show($content, $charset = '', $contentType = '', $prefix = '') E:\PHP\ms-admin\Lib\Action\IndexAction.class.php 第 2 行.
INFO: [ view_parse ] --START--
INFO: ParseTemplate Behavior ::run [ RunTime:0.009858s ]
INFO: [ view_parse ] --END-- [ RunTime:0.009978s ]
INFO: [ view_filter ] --START--
INFO: ContentReplace Behavior ::run [ RunTime:0.000545s ]
INFO: TokenBuild Behavior ::run [ RunTime:0.000499s ]
INFO: WriteHtmlCache Behavior ::run [ RunTime:0.000407s ]
INFO: ShowRuntime Behavior ::run [ RunTime:0.000667s ]
INFO: [ view_filter ] --END-- [ RunTime:0.002366s ]
INFO: [ view_end ] --START--
INFO: ShowPageTrace Behavior ::run [ RunTime:0.000850s ]
INFO: [ view_end ] --END-- [ RunTime:0.000941s ]

[ 2014-11-10T17:14:23+08:00 ] 192.168.2.45 /tpl/about.html
INFO: [ route_check ] --START--
INFO: CheckRoute Behavior ::run [ RunTime:0.000967s ]
INFO: [ route_check ] --END-- [ RunTime:0.001069s ]
INFO: [ app_begin ] --START--
INFO: ReadHtmlCache Behavior ::run [ RunTime:0.000593s ]
INFO: [ app_begin ] --END-- [ RunTime:0.000661s ]
ERR: 无法加载模块:Tpl

[ 2014-11-10T17:14:28+08:00 ] 192.168.2.45 /
INFO: [ app_begin ] --START--
INFO: ReadHtmlCache Behavior ::run [ RunTime:0.000680s ]
INFO: [ app_begin ] --END-- [ RunTime:0.000785s ]
NOTIC: [2048] Declaration of IndexAction::show() should be compatible with Action::show($content, $charset = '', $contentType = '', $prefix = '') E:\PHP\ms-admin\Lib\Action\IndexAction.class.php 第 2 行.
INFO: [ view_parse ] --START--
INFO: ParseTemplate Behavior ::run [ RunTime:0.008973s ]
INFO: [ view_parse ] --END-- [ RunTime:0.009085s ]
INFO: [ view_filter ] --START--
INFO: ContentReplace Behavior ::run [ RunTime:0.000556s ]
INFO: TokenBuild Behavior ::run [ RunTime:0.000390s ]
INFO: WriteHtmlCache Behavior ::run [ RunTime:0.000272s ]
INFO: ShowRuntime Behavior ::run [ RunTime:0.000537s ]
INFO: [ view_filter ] --END-- [ RunTime:0.001959s ]
INFO: [ view_end ] --START--
INFO: ShowPageTrace Behavior ::run [ RunTime:0.001020s ]
INFO: [ view_end ] --END-- [ RunTime:0.001106s ]

[ 2014-11-10T17:14:53+08:00 ] 192.168.2.45 /tpl/about.html
INFO: [ route_check ] --START--
INFO: CheckRoute Behavior ::run [ RunTime:0.000797s ]
INFO: [ route_check ] --END-- [ RunTime:0.000893s ]
INFO: [ app_begin ] --START--
INFO: ReadHtmlCache Behavior ::run [ RunTime:0.000583s ]
INFO: [ app_begin ] --END-- [ RunTime:0.000655s ]
ERR: 无法加载模块:Tpl

[ 2014-11-10T17:14:53+08:00 ] 192.168.2.45 /tpl/news.html
INFO: [ route_check ] --START--
INFO: CheckRoute Behavior ::run [ RunTime:0.001089s ]
INFO: [ route_check ] --END-- [ RunTime:0.001277s ]
INFO: [ app_begin ] --START--
INFO: ReadHtmlCache Behavior ::run [ RunTime:0.000684s ]
INFO: [ app_begin ] --END-- [ RunTime:0.000765s ]
ERR: 无法加载模块:Tpl

[ 2014-11-10T17:15:05+08:00 ] 192.168.2.45 /
INFO: [ app_begin ] --START--
INFO: ReadHtmlCache Behavior ::run [ RunTime:0.000876s ]
INFO: [ app_begin ] --END-- [ RunTime:0.001007s ]
NOTIC: [2048] Declaration of IndexAction::show() should be compatible with Action::show($content, $charset = '', $contentType = '', $prefix = '') E:\PHP\ms-admin\Lib\Action\IndexAction.class.php 第 2 行.
INFO: [ view_parse ] --START--
INFO: ParseTemplate Behavior ::run [ RunTime:0.009900s ]
INFO: [ view_parse ] --END-- [ RunTime:0.010012s ]
INFO: [ view_filter ] --START--
INFO: ContentReplace Behavior ::run [ RunTime:0.000549s ]
INFO: TokenBuild Behavior ::run [ RunTime:0.000459s ]
INFO: WriteHtmlCache Behavior ::run [ RunTime:0.000355s ]
INFO: ShowRuntime Behavior ::run [ RunTime:0.000480s ]
INFO: [ view_filter ] --END-- [ RunTime:0.002047s ]
INFO: [ view_end ] --START--
INFO: ShowPageTrace Behavior ::run [ RunTime:0.000610s ]
INFO: [ view_end ] --END-- [ RunTime:0.000674s ]

[ 2014-11-10T17:15:15+08:00 ] 192.168.2.45 /
INFO: [ app_begin ] --START--
INFO: ReadHtmlCache Behavior ::run [ RunTime:0.000565s ]
INFO: [ app_begin ] --END-- [ RunTime:0.000651s ]
NOTIC: [2048] Declaration of IndexAction::show() should be compatible with Action::show($content, $charset = '', $contentType = '', $prefix = '') E:\PHP\ms-admin\Lib\Action\IndexAction.class.php 第 2 行.
INFO: [ view_parse ] --START--
INFO: ParseTemplate Behavior ::run [ RunTime:0.008381s ]
INFO: [ view_parse ] --END-- [ RunTime:0.008479s ]
INFO: [ view_filter ] --START--
INFO: ContentReplace Behavior ::run [ RunTime:0.000451s ]
INFO: TokenBuild Behavior ::run [ RunTime:0.000429s ]
INFO: WriteHtmlCache Behavior ::run [ RunTime:0.000301s ]
INFO: ShowRuntime Behavior ::run [ RunTime:0.000518s ]
INFO: [ view_filter ] --END-- [ RunTime:0.001891s ]
INFO: [ view_end ] --START--
INFO: ShowPageTrace Behavior ::run [ RunTime:0.000765s ]
INFO: [ view_end ] --END-- [ RunTime:0.000840s ]

[ 2014-11-10T17:15:15+08:00 ] 192.168.2.45 /Show/show
INFO: [ route_check ] --START--
INFO: CheckRoute Behavior ::run [ RunTime:0.000898s ]
INFO: [ route_check ] --END-- [ RunTime:0.001014s ]
INFO: [ app_begin ] --START--
INFO: ReadHtmlCache Behavior ::run [ RunTime:0.000724s ]
INFO: [ app_begin ] --END-- [ RunTime:0.000811s ]
NOTIC: [2048] Declaration of ShowAction::show() should be compatible with Action::show($content, $charset = '', $contentType = '', $prefix = '') E:\PHP\ms-admin\Lib\Action\ShowAction.class.php 第 2 行.
INFO: [ view_parse ] --START--
INFO: ParseTemplate Behavior ::run [ RunTime:0.011999s ]
INFO: [ view_parse ] --END-- [ RunTime:0.012117s ]
INFO: [ view_filter ] --START--
INFO: ContentReplace Behavior ::run [ RunTime:0.000558s ]
INFO: TokenBuild Behavior ::run [ RunTime:0.000522s ]
INFO: WriteHtmlCache Behavior ::run [ RunTime:0.000401s ]
INFO: ShowRuntime Behavior ::run [ RunTime:0.001056s ]
INFO: [ view_filter ] --END-- [ RunTime:0.002798s ]
INFO: [ view_end ] --START--
INFO: ShowPageTrace Behavior ::run [ RunTime:0.001145s ]
INFO: [ view_end ] --END-- [ RunTime:0.001247s ]

[ 2014-11-10T17:17:53+08:00 ] 192.168.2.45 /
INFO: [ app_begin ] --START--
INFO: ReadHtmlCache Behavior ::run [ RunTime:0.001277s ]
INFO: [ app_begin ] --END-- [ RunTime:0.001408s ]
NOTIC: [2048] Declaration of IndexAction::show() should be compatible with Action::show($content, $charset = '', $contentType = '', $prefix = '') E:\PHP\ms-admin\Lib\Action\IndexAction.class.php 第 2 行.
INFO: [ view_parse ] --START--
INFO: ParseTemplate Behavior ::run [ RunTime:0.009327s ]
INFO: [ view_parse ] --END-- [ RunTime:0.009430s ]
INFO: [ view_filter ] --START--
INFO: ContentReplace Behavior ::run [ RunTime:0.000591s ]
INFO: TokenBuild Behavior ::run [ RunTime:0.000519s ]
INFO: WriteHtmlCache Behavior ::run [ RunTime:0.000411s ]
INFO: ShowRuntime Behavior ::run [ RunTime:0.000605s ]
INFO: [ view_filter ] --END-- [ RunTime:0.002317s ]
INFO: [ view_end ] --START--
INFO: ShowPageTrace Behavior ::run [ RunTime:0.000990s ]
INFO: [ view_end ] --END-- [ RunTime:0.001074s ]

[ 2014-11-10T17:17:54+08:00 ] 192.168.2.45 /Show/show
INFO: [ route_check ] --START--
INFO: CheckRoute Behavior ::run [ RunTime:0.001761s ]
INFO: [ route_check ] --END-- [ RunTime:0.001882s ]
INFO: [ app_begin ] --START--
INFO: ReadHtmlCache Behavior ::run [ RunTime:0.001083s ]
INFO: [ app_begin ] --END-- [ RunTime:0.001180s ]
NOTIC: [2048] Declaration of ShowAction::show() should be compatible with Action::show($content, $charset = '', $contentType = '', $prefix = '') E:\PHP\ms-admin\Lib\Action\ShowAction.class.php 第 2 行.
INFO: [ view_parse ] --START--
INFO: ParseTemplate Behavior ::run [ RunTime:0.010271s ]
INFO: [ view_parse ] --END-- [ RunTime:0.010393s ]
INFO: [ view_filter ] --START--
INFO: ContentReplace Behavior ::run [ RunTime:0.000861s ]
INFO: TokenBuild Behavior ::run [ RunTime:0.000697s ]
INFO: WriteHtmlCache Behavior ::run [ RunTime:0.000430s ]
INFO: ShowRuntime Behavior ::run [ RunTime:0.000618s ]
INFO: [ view_filter ] --END-- [ RunTime:0.002863s ]
INFO: [ view_end ] --START--
INFO: ShowPageTrace Behavior ::run [ RunTime:0.000939s ]
INFO: [ view_end ] --END-- [ RunTime:0.001034s ]

[ 2014-11-10T17:17:56+08:00 ] 192.168.2.45 /About/about
INFO: [ route_check ] --START--
INFO: CheckRoute Behavior ::run [ RunTime:0.000861s ]
INFO: [ route_check ] --END-- [ RunTime:0.000958s ]
INFO: [ app_begin ] --START--
INFO: ReadHtmlCache Behavior ::run [ RunTime:0.000577s ]
INFO: [ app_begin ] --END-- [ RunTime:0.000645s ]
ERR: 无法加载模块:About

[ 2014-11-10T17:20:37+08:00 ] 192.168.2.45 /
INFO: [ app_begin ] --START--
INFO: ReadHtmlCache Behavior ::run [ RunTime:0.001072s ]
INFO: [ app_begin ] --END-- [ RunTime:0.001215s ]
NOTIC: [2048] Declaration of IndexAction::show() should be compatible with Action::show($content, $charset = '', $contentType = '', $prefix = '') E:\PHP\ms-admin\Lib\Action\IndexAction.class.php 第 2 行.
INFO: [ view_parse ] --START--
INFO: ParseTemplate Behavior ::run [ RunTime:0.009435s ]
INFO: [ view_parse ] --END-- [ RunTime:0.009554s ]
INFO: [ view_filter ] --START--
INFO: ContentReplace Behavior ::run [ RunTime:0.000666s ]
INFO: TokenBuild Behavior ::run [ RunTime:0.000696s ]
INFO: WriteHtmlCache Behavior ::run [ RunTime:0.000724s ]
INFO: ShowRuntime Behavior ::run [ RunTime:0.001301s ]
INFO: [ view_filter ] --END-- [ RunTime:0.003678s ]
INFO: [ view_end ] --START--
INFO: ShowPageTrace Behavior ::run [ RunTime:0.000988s ]
INFO: [ view_end ] --END-- [ RunTime:0.001085s ]

[ 2014-11-10T17:20:37+08:00 ] 192.168.2.45 /Show/show
INFO: [ route_check ] --START--
INFO: CheckRoute Behavior ::run [ RunTime:0.001375s ]
INFO: [ route_check ] --END-- [ RunTime:0.001504s ]
INFO: [ app_begin ] --START--
INFO: ReadHtmlCache Behavior ::run [ RunTime:0.000750s ]
INFO: [ app_begin ] --END-- [ RunTime:0.001086s ]
NOTIC: [2048] Declaration of ShowAction::show() should be compatible with Action::show($content, $charset = '', $contentType = '', $prefix = '') E:\PHP\ms-admin\Lib\Action\ShowAction.class.php 第 2 行.
INFO: [ view_parse ] --START--
INFO: ParseTemplate Behavior ::run [ RunTime:0.008924s ]
INFO: [ view_parse ] --END-- [ RunTime:0.009046s ]
INFO: [ view_filter ] --START--
INFO: ContentReplace Behavior ::run [ RunTime:0.001026s ]
INFO: TokenBuild Behavior ::run [ RunTime:0.001368s ]
INFO: WriteHtmlCache Behavior ::run [ RunTime:0.000791s ]
INFO: ShowRuntime Behavior ::run [ RunTime:0.000765s ]
INFO: [ view_filter ] --END-- [ RunTime:0.004240s ]
INFO: [ view_end ] --START--
INFO: ShowPageTrace Behavior ::run [ RunTime:0.000895s ]
INFO: [ view_end ] --END-- [ RunTime:0.000979s ]

[ 2014-11-10T17:20:39+08:00 ] 192.168.2.45 /About/about
INFO: [ route_check ] --START--
INFO: CheckRoute Behavior ::run [ RunTime:0.001078s ]
INFO: [ route_check ] --END-- [ RunTime:0.001204s ]
INFO: [ app_begin ] --START--
INFO: ReadHtmlCache Behavior ::run [ RunTime:0.001210s ]
INFO: [ app_begin ] --END-- [ RunTime:0.001310s ]
INFO: [ view_parse ] --START--
INFO: ParseTemplate Behavior ::run [ RunTime:0.008193s ]
INFO: [ view_parse ] --END-- [ RunTime:0.008310s ]
INFO: [ view_filter ] --START--
INFO: ContentReplace Behavior ::run [ RunTime:0.000464s ]
INFO: TokenBuild Behavior ::run [ RunTime:0.000425s ]
INFO: WriteHtmlCache Behavior ::run [ RunTime:0.000339s ]
INFO: ShowRuntime Behavior ::run [ RunTime:0.000623s ]
INFO: [ view_filter ] --END-- [ RunTime:0.002065s ]
INFO: [ view_end ] --START--
INFO: ShowPageTrace Behavior ::run [ RunTime:0.000694s ]
INFO: [ view_end ] --END-- [ RunTime:0.000776s ]

[ 2014-11-10T17:20:40+08:00 ] 192.168.2.45 /News/news
INFO: [ route_check ] --START--
INFO: CheckRoute Behavior ::run [ RunTime:0.001071s ]
INFO: [ route_check ] --END-- [ RunTime:0.001197s ]
INFO: [ app_begin ] --START--
INFO: ReadHtmlCache Behavior ::run [ RunTime:0.000703s ]
INFO: [ app_begin ] --END-- [ RunTime:0.000789s ]
INFO: [ view_parse ] --START--
INFO: ParseTemplate Behavior ::run [ RunTime:0.033907s ]
INFO: [ view_parse ] --END-- [ RunTime:0.034027s ]
INFO: [ view_filter ] --START--
INFO: ContentReplace Behavior ::run [ RunTime:0.000473s ]
INFO: TokenBuild Behavior ::run [ RunTime:0.000494s ]
INFO: WriteHtmlCache Behavior ::run [ RunTime:0.000389s ]
INFO: ShowRuntime Behavior ::run [ RunTime:0.000659s ]
INFO: [ view_filter ] --END-- [ RunTime:0.002306s ]
INFO: [ view_end ] --START--
INFO: ShowPageTrace Behavior ::run [ RunTime:0.000750s ]
INFO: [ view_end ] --END-- [ RunTime:0.000835s ]

[ 2014-11-10T17:20:42+08:00 ] 192.168.2.45 /Notice/notice
INFO: [ route_check ] --START--
INFO: CheckRoute Behavior ::run [ RunTime:0.000821s ]
INFO: [ route_check ] --END-- [ RunTime:0.000925s ]
INFO: [ app_begin ] --START--
INFO: ReadHtmlCache Behavior ::run [ RunTime:0.000678s ]
INFO: [ app_begin ] --END-- [ RunTime:0.000771s ]
NOTIC: [8] Constant THEME_NAME already defined E:\PHP\ms-admin\ThinkPHP\Lib\Core\View.class.php 第 223 行.
NOTIC: [8] Constant THEME_PATH already defined E:\PHP\ms-admin\ThinkPHP\Lib\Core\View.class.php 第 174 行.
NOTIC: [8] Constant APP_TMPL_PATH already defined E:\PHP\ms-admin\ThinkPHP\Lib\Core\View.class.php 第 175 行.
INFO: [ view_parse ] --START--
INFO: ParseTemplate Behavior ::run [ RunTime:0.015174s ]
INFO: [ view_parse ] --END-- [ RunTime:0.015276s ]
INFO: [ view_filter ] --START--
INFO: ContentReplace Behavior ::run [ RunTime:0.000510s ]
INFO: TokenBuild Behavior ::run [ RunTime:0.000490s ]
INFO: WriteHtmlCache Behavior ::run [ RunTime:0.000395s ]
INFO: ShowRuntime Behavior ::run [ RunTime:0.000510s ]
INFO: [ view_filter ] --END-- [ RunTime:0.002161s ]
INFO: [ view_end ] --START--
INFO: ShowPageTrace Behavior ::run [ RunTime:0.004342s ]
INFO: [ view_end ] --END-- [ RunTime:0.004434s ]

[ 2014-11-10T17:20:42+08:00 ] 192.168.2.45 /User/user
INFO: [ route_check ] --START--
INFO: CheckRoute Behavior ::run [ RunTime:0.000812s ]
INFO: [ route_check ] --END-- [ RunTime:0.000908s ]
INFO: [ app_begin ] --START--
INFO: ReadHtmlCache Behavior ::run [ RunTime:0.000595s ]
INFO: [ app_begin ] --END-- [ RunTime:0.000665s ]
ERR: 无法加载模块:User

[ 2014-11-10T17:20:59+08:00 ] 192.168.2.45 /
INFO: [ app_begin ] --START--
INFO: ReadHtmlCache Behavior ::run [ RunTime:0.001071s ]
INFO: [ app_begin ] --END-- [ RunTime:0.001191s ]
NOTIC: [2048] Declaration of IndexAction::show() should be compatible with Action::show($content, $charset = '', $contentType = '', $prefix = '') E:\PHP\ms-admin\Lib\Action\IndexAction.class.php 第 2 行.
INFO: [ view_parse ] --START--
INFO: ParseTemplate Behavior ::run [ RunTime:0.009726s ]
INFO: [ view_parse ] --END-- [ RunTime:0.009849s ]
INFO: [ view_filter ] --START--
INFO: ContentReplace Behavior ::run [ RunTime:0.000560s ]
INFO: TokenBuild Behavior ::run [ RunTime:0.000480s ]
INFO: WriteHtmlCache Behavior ::run [ RunTime:0.000343s ]
INFO: ShowRuntime Behavior ::run [ RunTime:0.000547s ]
INFO: [ view_filter ] --END-- [ RunTime:0.002152s ]
INFO: [ view_end ] --START--
INFO: ShowPageTrace Behavior ::run [ RunTime:0.000864s ]
INFO: [ view_end ] --END-- [ RunTime:0.001021s ]

[ 2014-11-10T17:21:00+08:00 ] 192.168.2.45 /User/user
INFO: [ route_check ] --START--
INFO: CheckRoute Behavior ::run [ RunTime:0.000895s ]
INFO: [ route_check ] --END-- [ RunTime:0.001012s ]
INFO: [ app_begin ] --START--
INFO: ReadHtmlCache Behavior ::run [ RunTime:0.000707s ]
INFO: [ app_begin ] --END-- [ RunTime:0.000788s ]
INFO: [ view_parse ] --START--
INFO: ParseTemplate Behavior ::run [ RunTime:0.024469s ]
INFO: [ view_parse ] --END-- [ RunTime:0.024605s ]
INFO: [ view_filter ] --START--
INFO: ContentReplace Behavior ::run [ RunTime:0.000642s ]
INFO: TokenBuild Behavior ::run [ RunTime:0.000494s ]
INFO: WriteHtmlCache Behavior ::run [ RunTime:0.000294s ]
INFO: ShowRuntime Behavior ::run [ RunTime:0.000477s ]
INFO: [ view_filter ] --END-- [ RunTime:0.002123s ]
INFO: [ view_end ] --START--
INFO: ShowPageTrace Behavior ::run [ RunTime:0.000787s ]
INFO: [ view_end ] --END-- [ RunTime:0.000868s ]

[ 2014-11-10T17:21:02+08:00 ] 192.168.2.45 /Notice/notice
INFO: [ route_check ] --START--
INFO: CheckRoute Behavior ::run [ RunTime:0.000763s ]
INFO: [ route_check ] --END-- [ RunTime:0.000854s ]
INFO: [ app_begin ] --START--
INFO: ReadHtmlCache Behavior ::run [ RunTime:0.000625s ]
INFO: [ app_begin ] --END-- [ RunTime:0.000716s ]
NOTIC: [8] Constant THEME_NAME already defined E:\PHP\ms-admin\ThinkPHP\Lib\Core\View.class.php 第 223 行.
NOTIC: [8] Constant THEME_PATH already defined E:\PHP\ms-admin\ThinkPHP\Lib\Core\View.class.php 第 174 行.
NOTIC: [8] Constant APP_TMPL_PATH already defined E:\PHP\ms-admin\ThinkPHP\Lib\Core\View.class.php 第 175 行.
INFO: [ view_parse ] --START--
INFO: ParseTemplate Behavior ::run [ RunTime:0.007783s ]
INFO: [ view_parse ] --END-- [ RunTime:0.007899s ]
INFO: [ view_filter ] --START--
INFO: ContentReplace Behavior ::run [ RunTime:0.000716s ]
INFO: TokenBuild Behavior ::run [ RunTime:0.000614s ]
INFO: WriteHtmlCache Behavior ::run [ RunTime:0.000301s ]
INFO: ShowRuntime Behavior ::run [ RunTime:0.000471s ]
INFO: [ view_filter ] --END-- [ RunTime:0.002322s ]
INFO: [ view_end ] --START--
INFO: ShowPageTrace Behavior ::run [ RunTime:0.000638s ]
INFO: [ view_end ] --END-- [ RunTime:0.000708s ]

[ 2014-11-10T17:21:03+08:00 ] 192.168.2.45 /News/news
INFO: [ route_check ] --START--
INFO: CheckRoute Behavior ::run [ RunTime:0.000946s ]
INFO: [ route_check ] --END-- [ RunTime:0.001063s ]
INFO: [ app_begin ] --START--
INFO: ReadHtmlCache Behavior ::run [ RunTime:0.000689s ]
INFO: [ app_begin ] --END-- [ RunTime:0.000777s ]
INFO: [ view_parse ] --START--
INFO: ParseTemplate Behavior ::run [ RunTime:0.008171s ]
INFO: [ view_parse ] --END-- [ RunTime:0.008287s ]
INFO: [ view_filter ] --START--
INFO: ContentReplace Behavior ::run [ RunTime:0.000467s ]
INFO: TokenBuild Behavior ::run [ RunTime:0.000494s ]
INFO: WriteHtmlCache Behavior ::run [ RunTime:0.000351s ]
INFO: ShowRuntime Behavior ::run [ RunTime:0.000668s ]
INFO: [ view_filter ] --END-- [ RunTime:0.002209s ]
INFO: [ view_end ] --START--
INFO: ShowPageTrace Behavior ::run [ RunTime:0.000728s ]
INFO: [ view_end ] --END-- [ RunTime:0.000811s ]

[ 2014-11-10T17:21:04+08:00 ] 192.168.2.45 /About/about
INFO: [ route_check ] --START--
INFO: CheckRoute Behavior ::run [ RunTime:0.000857s ]
INFO: [ route_check ] --END-- [ RunTime:0.000967s ]
INFO: [ app_begin ] --START--
INFO: ReadHtmlCache Behavior ::run [ RunTime:0.000738s ]
INFO: [ app_begin ] --END-- [ RunTime:0.000816s ]
INFO: [ view_parse ] --START--
INFO: ParseTemplate Behavior ::run [ RunTime:0.009035s ]
INFO: [ view_parse ] --END-- [ RunTime:0.009166s ]
INFO: [ view_filter ] --START--
INFO: ContentReplace Behavior ::run [ RunTime:0.000516s ]
INFO: TokenBuild Behavior ::run [ RunTime:0.000638s ]
INFO: WriteHtmlCache Behavior ::run [ RunTime:0.000363s ]
INFO: ShowRuntime Behavior ::run [ RunTime:0.000511s ]
INFO: [ view_filter ] --END-- [ RunTime:0.002262s ]
INFO: [ view_end ] --START--
INFO: ShowPageTrace Behavior ::run [ RunTime:0.000691s ]
INFO: [ view_end ] --END-- [ RunTime:0.000767s ]

[ 2014-11-10T17:21:08+08:00 ] 192.168.2.45 /Show/show
INFO: [ route_check ] --START--
INFO: CheckRoute Behavior ::run [ RunTime:0.000917s ]
INFO: [ route_check ] --END-- [ RunTime:0.001031s ]
INFO: [ app_begin ] --START--
INFO: ReadHtmlCache Behavior ::run [ RunTime:0.000668s ]
INFO: [ app_begin ] --END-- [ RunTime:0.000749s ]
NOTIC: [2048] Declaration of ShowAction::show() should be compatible with Action::show($content, $charset = '', $contentType = '', $prefix = '') E:\PHP\ms-admin\Lib\Action\ShowAction.class.php 第 2 行.
INFO: [ view_parse ] --START--
INFO: ParseTemplate Behavior ::run [ RunTime:0.009313s ]
INFO: [ view_parse ] --END-- [ RunTime:0.009424s ]
INFO: [ view_filter ] --START--
INFO: ContentReplace Behavior ::run [ RunTime:0.000474s ]
INFO: TokenBuild Behavior ::run [ RunTime:0.000530s ]
INFO: WriteHtmlCache Behavior ::run [ RunTime:0.000385s ]
INFO: ShowRuntime Behavior ::run [ RunTime:0.000487s ]
INFO: [ view_filter ] --END-- [ RunTime:0.002159s ]
INFO: [ view_end ] --START--
INFO: ShowPageTrace Behavior ::run [ RunTime:0.000624s ]
INFO: [ view_end ] --END-- [ RunTime:0.000692s ]

[ 2014-11-10T17:21:11+08:00 ] 192.168.2.45 /News/addnews
INFO: [ route_check ] --START--
INFO: CheckRoute Behavior ::run [ RunTime:0.001510s ]
INFO: [ route_check ] --END-- [ RunTime:0.001674s ]
INFO: [ app_begin ] --START--
INFO: ReadHtmlCache Behavior ::run [ RunTime:0.004714s ]
INFO: [ app_begin ] --END-- [ RunTime:0.004817s ]
INFO: [ view_parse ] --START--
INFO: ParseTemplate Behavior ::run [ RunTime:0.031590s ]
INFO: [ view_parse ] --END-- [ RunTime:0.031837s ]
INFO: [ view_filter ] --START--
INFO: ContentReplace Behavior ::run [ RunTime:0.000578s ]
INFO: TokenBuild Behavior ::run [ RunTime:0.000454s ]
INFO: WriteHtmlCache Behavior ::run [ RunTime:0.000291s ]
INFO: ShowRuntime Behavior ::run [ RunTime:0.000461s ]
INFO: [ view_filter ] --END-- [ RunTime:0.002139s ]
INFO: [ view_end ] --START--
INFO: ShowPageTrace Behavior ::run [ RunTime:0.000847s ]
INFO: [ view_end ] --END-- [ RunTime:0.000937s ]

[ 2014-11-10T17:21:16+08:00 ] 192.168.2.45 /News/editnews
INFO: [ route_check ] --START--
INFO: CheckRoute Behavior ::run [ RunTime:0.001029s ]
INFO: [ route_check ] --END-- [ RunTime:0.001149s ]
INFO: [ app_begin ] --START--
INFO: ReadHtmlCache Behavior ::run [ RunTime:0.000749s ]
INFO: [ app_begin ] --END-- [ RunTime:0.000895s ]
INFO: [ view_parse ] --START--
INFO: ParseTemplate Behavior ::run [ RunTime:0.066924s ]
INFO: [ view_parse ] --END-- [ RunTime:0.067044s ]
INFO: [ view_filter ] --START--
INFO: ContentReplace Behavior ::run [ RunTime:0.000503s ]
INFO: TokenBuild Behavior ::run [ RunTime:0.000490s ]
INFO: WriteHtmlCache Behavior ::run [ RunTime:0.000362s ]
INFO: ShowRuntime Behavior ::run [ RunTime:0.002101s ]
INFO: [ view_filter ] --END-- [ RunTime:0.003720s ]
INFO: [ view_end ] --START--
INFO: ShowPageTrace Behavior ::run [ RunTime:0.000765s ]
INFO: [ view_end ] --END-- [ RunTime:0.000847s ]

[ 2014-11-10T17:21:58+08:00 ] 192.168.2.45 /Show/addshow
INFO: [ route_check ] --START--
INFO: CheckRoute Behavior ::run [ RunTime:0.002336s ]
INFO: [ route_check ] --END-- [ RunTime:0.002453s ]
INFO: [ app_begin ] --START--
INFO: ReadHtmlCache Behavior ::run [ RunTime:0.000778s ]
INFO: [ app_begin ] --END-- [ RunTime:0.000926s ]
NOTIC: [2048] Declaration of ShowAction::show() should be compatible with Action::show($content, $charset = '', $contentType = '', $prefix = '') E:\PHP\ms-admin\Lib\Action\ShowAction.class.php 第 2 行.
INFO: [ view_parse ] --START--
INFO: ParseTemplate Behavior ::run [ RunTime:0.008888s ]
INFO: [ view_parse ] --END-- [ RunTime:0.009001s ]
INFO: [ view_filter ] --START--
INFO: ContentReplace Behavior ::run [ RunTime:0.000546s ]
INFO: TokenBuild Behavior ::run [ RunTime:0.000511s ]
INFO: WriteHtmlCache Behavior ::run [ RunTime:0.000360s ]
INFO: ShowRuntime Behavior ::run [ RunTime:0.000631s ]
INFO: [ view_filter ] --END-- [ RunTime:0.002291s ]
INFO: [ view_end ] --START--
INFO: ShowPageTrace Behavior ::run [ RunTime:0.001164s ]
INFO: [ view_end ] --END-- [ RunTime:0.001263s ]

[ 2014-11-10T17:23:50+08:00 ] 192.168.2.45 /
INFO: [ app_begin ] --START--
INFO: ReadHtmlCache Behavior ::run [ RunTime:0.001550s ]
INFO: [ app_begin ] --END-- [ RunTime:0.001672s ]
NOTIC: [2048] Declaration of IndexAction::show() should be compatible with Action::show($content, $charset = '', $contentType = '', $prefix = '') E:\PHP\ms-admin\Lib\Action\IndexAction.class.php 第 2 行.
INFO: [ view_parse ] --START--
INFO: ParseTemplate Behavior ::run [ RunTime:0.009921s ]
INFO: [ view_parse ] --END-- [ RunTime:0.010043s ]
INFO: [ view_filter ] --START--
INFO: ContentReplace Behavior ::run [ RunTime:0.000673s ]
INFO: TokenBuild Behavior ::run [ RunTime:0.001088s ]
INFO: WriteHtmlCache Behavior ::run [ RunTime:0.000867s ]
INFO: ShowRuntime Behavior ::run [ RunTime:0.001355s ]
INFO: [ view_filter ] --END-- [ RunTime:0.004653s ]
INFO: [ view_end ] --START--
INFO: ShowPageTrace Behavior ::run [ RunTime:0.001243s ]
INFO: [ view_end ] --END-- [ RunTime:0.001327s ]

[ 2014-11-10T17:23:51+08:00 ] 192.168.2.45 /Notice/notice
INFO: [ route_check ] --START--
INFO: CheckRoute Behavior ::run [ RunTime:0.001106s ]
INFO: [ route_check ] --END-- [ RunTime:0.001229s ]
INFO: [ app_begin ] --START--
INFO: ReadHtmlCache Behavior ::run [ RunTime:0.000833s ]
INFO: [ app_begin ] --END-- [ RunTime:0.000934s ]
NOTIC: [8] Constant THEME_NAME already defined E:\PHP\ms-admin\ThinkPHP\Lib\Core\View.class.php 第 223 行.
NOTIC: [8] Constant THEME_PATH already defined E:\PHP\ms-admin\ThinkPHP\Lib\Core\View.class.php 第 174 行.
NOTIC: [8] Constant APP_TMPL_PATH already defined E:\PHP\ms-admin\ThinkPHP\Lib\Core\View.class.php 第 175 行.
INFO: [ view_parse ] --START--
INFO: ParseTemplate Behavior ::run [ RunTime:0.008603s ]
INFO: [ view_parse ] --END-- [ RunTime:0.008706s ]
INFO: [ view_filter ] --START--
INFO: ContentReplace Behavior ::run [ RunTime:0.002210s ]
INFO: TokenBuild Behavior ::run [ RunTime:0.000579s ]
INFO: WriteHtmlCache Behavior ::run [ RunTime:0.000466s ]
INFO: ShowRuntime Behavior ::run [ RunTime:0.000574s ]
INFO: [ view_filter ] --END-- [ RunTime:0.004126s ]
INFO: [ view_end ] --START--
INFO: ShowPageTrace Behavior ::run [ RunTime:0.000896s ]
INFO: [ view_end ] --END-- [ RunTime:0.000988s ]

[ 2014-11-10T17:23:52+08:00 ] 192.168.2.45 /Show/show
INFO: [ route_check ] --START--
INFO: CheckRoute Behavior ::run [ RunTime:0.000966s ]
INFO: [ route_check ] --END-- [ RunTime:0.001084s ]
INFO: [ app_begin ] --START--
INFO: ReadHtmlCache Behavior ::run [ RunTime:0.000748s ]
INFO: [ app_begin ] --END-- [ RunTime:0.000853s ]
NOTIC: [2048] Declaration of ShowAction::show() should be compatible with Action::show($content, $charset = '', $contentType = '', $prefix = '') E:\PHP\ms-admin\Lib\Action\ShowAction.class.php 第 2 行.
INFO: [ view_parse ] --START--
INFO: ParseTemplate Behavior ::run [ RunTime:0.008144s ]
INFO: [ view_parse ] --END-- [ RunTime:0.008261s ]
INFO: [ view_filter ] --START--
INFO: ContentReplace Behavior ::run [ RunTime:0.000607s ]
INFO: TokenBuild Behavior ::run [ RunTime:0.000486s ]
INFO: WriteHtmlCache Behavior ::run [ RunTime:0.000409s ]
INFO: ShowRuntime Behavior ::run [ RunTime:0.000887s ]
INFO: [ view_filter ] --END-- [ RunTime:0.002644s ]
INFO: [ view_end ] --START--
INFO: ShowPageTrace Behavior ::run [ RunTime:0.000843s ]
INFO: [ view_end ] --END-- [ RunTime:0.000931s ]

[ 2014-11-10T17:23:54+08:00 ] 192.168.2.45 /
INFO: [ app_begin ] --START--
INFO: ReadHtmlCache Behavior ::run [ RunTime:0.001308s ]
INFO: [ app_begin ] --END-- [ RunTime:0.002109s ]
NOTIC: [2048] Declaration of IndexAction::show() should be compatible with Action::show($content, $charset = '', $contentType = '', $prefix = '') E:\PHP\ms-admin\Lib\Action\IndexAction.class.php 第 2 行.
INFO: [ view_parse ] --START--
INFO: ParseTemplate Behavior ::run [ RunTime:0.012519s ]
INFO: [ view_parse ] --END-- [ RunTime:0.012651s ]
INFO: [ view_filter ] --START--
INFO: ContentReplace Behavior ::run [ RunTime:0.000586s ]
INFO: TokenBuild Behavior ::run [ RunTime:0.000569s ]
INFO: WriteHtmlCache Behavior ::run [ RunTime:0.000370s ]
INFO: ShowRuntime Behavior ::run [ RunTime:0.000548s ]
INFO: [ view_filter ] --END-- [ RunTime:0.002334s ]
INFO: [ view_end ] --START--
INFO: ShowPageTrace Behavior ::run [ RunTime:0.000721s ]
INFO: [ view_end ] --END-- [ RunTime:0.000801s ]

[ 2014-11-10T17:23:55+08:00 ] 192.168.2.45 /Show/show
INFO: [ route_check ] --START--
INFO: CheckRoute Behavior ::run [ RunTime:0.001638s ]
INFO: [ route_check ] --END-- [ RunTime:0.001761s ]
INFO: [ app_begin ] --START--
INFO: ReadHtmlCache Behavior ::run [ RunTime:0.000715s ]
INFO: [ app_begin ] --END-- [ RunTime:0.000800s ]
NOTIC: [2048] Declaration of ShowAction::show() should be compatible with Action::show($content, $charset = '', $contentType = '', $prefix = '') E:\PHP\ms-admin\Lib\Action\ShowAction.class.php 第 2 行.
INFO: [ view_parse ] --START--
INFO: ParseTemplate Behavior ::run [ RunTime:0.009109s ]
INFO: [ view_parse ] --END-- [ RunTime:0.009219s ]
INFO: [ view_filter ] --START--
INFO: ContentReplace Behavior ::run [ RunTime:0.000547s ]
INFO: TokenBuild Behavior ::run [ RunTime:0.000510s ]
INFO: WriteHtmlCache Behavior ::run [ RunTime:0.000968s ]
INFO: ShowRuntime Behavior ::run [ RunTime:0.000719s ]
INFO: [ view_filter ] --END-- [ RunTime:0.003102s ]
INFO: [ view_end ] --START--
INFO: ShowPageTrace Behavior ::run [ RunTime:0.000958s ]
INFO: [ view_end ] --END-- [ RunTime:0.001065s ]

[ 2014-11-10T17:25:45+08:00 ] 192.168.2.45 /
INFO: [ app_begin ] --START--
INFO: ReadHtmlCache Behavior ::run [ RunTime:0.000725s ]
INFO: [ app_begin ] --END-- [ RunTime:0.000838s ]
NOTIC: [2048] Declaration of IndexAction::show() should be compatible with Action::show($content, $charset = '', $contentType = '', $prefix = '') E:\PHP\ms-admin\Lib\Action\IndexAction.class.php 第 2 行.
INFO: [ view_parse ] --START--
INFO: ParseTemplate Behavior ::run [ RunTime:0.007763s ]
INFO: [ view_parse ] --END-- [ RunTime:0.007958s ]
INFO: [ view_filter ] --START--
INFO: ContentReplace Behavior ::run [ RunTime:0.000586s ]
INFO: TokenBuild Behavior ::run [ RunTime:0.000479s ]
INFO: WriteHtmlCache Behavior ::run [ RunTime:0.000375s ]
INFO: ShowRuntime Behavior ::run [ RunTime:0.000519s ]
INFO: [ view_filter ] --END-- [ RunTime:0.002184s ]
INFO: [ view_end ] --START--
INFO: ShowPageTrace Behavior ::run [ RunTime:0.000831s ]
INFO: [ view_end ] --END-- [ RunTime:0.000915s ]

[ 2014-11-10T17:25:46+08:00 ] 192.168.2.45 /Show/show
INFO: [ route_check ] --START--
INFO: CheckRoute Behavior ::run [ RunTime:0.000954s ]
INFO: [ route_check ] --END-- [ RunTime:0.001073s ]
INFO: [ app_begin ] --START--
INFO: ReadHtmlCache Behavior ::run [ RunTime:0.000713s ]
INFO: [ app_begin ] --END-- [ RunTime:0.000811s ]
NOTIC: [2048] Declaration of ShowAction::show() should be compatible with Action::show($content, $charset = '', $contentType = '', $prefix = '') E:\PHP\ms-admin\Lib\Action\ShowAction.class.php 第 2 行.
INFO: [ view_parse ] --START--
INFO: ParseTemplate Behavior ::run [ RunTime:0.009295s ]
INFO: [ view_parse ] --END-- [ RunTime:0.009409s ]
INFO: [ view_filter ] --START--
INFO: ContentReplace Behavior ::run [ RunTime:0.000623s ]
INFO: TokenBuild Behavior ::run [ RunTime:0.000730s ]
INFO: WriteHtmlCache Behavior ::run [ RunTime:0.000940s ]
INFO: ShowRuntime Behavior ::run [ RunTime:0.000924s ]
INFO: [ view_filter ] --END-- [ RunTime:0.003513s ]
INFO: [ view_end ] --START--
INFO: ShowPageTrace Behavior ::run [ RunTime:0.001108s ]
INFO: [ view_end ] --END-- [ RunTime:0.001199s ]

[ 2014-11-10T17:26:02+08:00 ] 192.168.2.45 /
INFO: [ app_begin ] --START--
INFO: ReadHtmlCache Behavior ::run [ RunTime:0.000898s ]
INFO: [ app_begin ] --END-- [ RunTime:0.001001s ]
NOTIC: [2048] Declaration of IndexAction::show() should be compatible with Action::show($content, $charset = '', $contentType = '', $prefix = '') E:\PHP\ms-admin\Lib\Action\IndexAction.class.php 第 2 行.
INFO: [ view_parse ] --START--
INFO: ParseTemplate Behavior ::run [ RunTime:0.009736s ]
INFO: [ view_parse ] --END-- [ RunTime:0.009849s ]
INFO: [ view_filter ] --START--
INFO: ContentReplace Behavior ::run [ RunTime:0.000635s ]
INFO: TokenBuild Behavior ::run [ RunTime:0.000475s ]
INFO: WriteHtmlCache Behavior ::run [ RunTime:0.000614s ]
INFO: ShowRuntime Behavior ::run [ RunTime:0.000646s ]
INFO: [ view_filter ] --END-- [ RunTime:0.002580s ]
INFO: [ view_end ] --START--
INFO: ShowPageTrace Behavior ::run [ RunTime:0.001067s ]
INFO: [ view_end ] --END-- [ RunTime:0.001159s ]

[ 2014-11-10T17:26:02+08:00 ] 192.168.2.45 /Show/show
INFO: [ route_check ] --START--
INFO: CheckRoute Behavior ::run [ RunTime:0.001096s ]
INFO: [ route_check ] --END-- [ RunTime:0.001226s ]
INFO: [ app_begin ] --START--
INFO: ReadHtmlCache Behavior ::run [ RunTime:0.000806s ]
INFO: [ app_begin ] --END-- [ RunTime:0.000905s ]
NOTIC: [2048] Declaration of ShowAction::show() should be compatible with Action::show($content, $charset = '', $contentType = '', $prefix = '') E:\PHP\ms-admin\Lib\Action\ShowAction.class.php 第 2 行.
INFO: [ view_parse ] --START--
INFO: ParseTemplate Behavior ::run [ RunTime:0.008697s ]
INFO: [ view_parse ] --END-- [ RunTime:0.008830s ]
INFO: [ view_filter ] --START--
INFO: ContentReplace Behavior ::run [ RunTime:0.000589s ]
INFO: TokenBuild Behavior ::run [ RunTime:0.000547s ]
INFO: WriteHtmlCache Behavior ::run [ RunTime:0.000376s ]
INFO: ShowRuntime Behavior ::run [ RunTime:0.000592s ]
INFO: [ view_filter ] --END-- [ RunTime:0.002338s ]
INFO: [ view_end ] --START--
INFO: ShowPageTrace Behavior ::run [ RunTime:0.000844s ]
INFO: [ view_end ] --END-- [ RunTime:0.000931s ]

[ 2014-11-10T17:26:06+08:00 ] 192.168.2.45 /Show/addshow
INFO: [ route_check ] --START--
INFO: CheckRoute Behavior ::run [ RunTime:0.001077s ]
INFO: [ route_check ] --END-- [ RunTime:0.001184s ]
INFO: [ app_begin ] --START--
INFO: ReadHtmlCache Behavior ::run [ RunTime:0.000579s ]
INFO: [ app_begin ] --END-- [ RunTime:0.000653s ]
NOTIC: [2048] Declaration of ShowAction::show() should be compatible with Action::show($content, $charset = '', $contentType = '', $prefix = '') E:\PHP\ms-admin\Lib\Action\ShowAction.class.php 第 2 行.
INFO: [ view_parse ] --START--
INFO: ParseTemplate Behavior ::run [ RunTime:0.007627s ]
INFO: [ view_parse ] --END-- [ RunTime:0.007738s ]
INFO: [ view_filter ] --START--
INFO: ContentReplace Behavior ::run [ RunTime:0.000501s ]
INFO: TokenBuild Behavior ::run [ RunTime:0.000549s ]
INFO: WriteHtmlCache Behavior ::run [ RunTime:0.000528s ]
INFO: ShowRuntime Behavior ::run [ RunTime:0.000582s ]
INFO: [ view_filter ] --END-- [ RunTime:0.002395s ]
INFO: [ view_end ] --START--
INFO: ShowPageTrace Behavior ::run [ RunTime:0.000636s ]
INFO: [ view_end ] --END-- [ RunTime:0.000704s ]

[ 2014-11-10T17:45:45+08:00 ] 192.168.2.45 /
INFO: [ app_begin ] --START--
INFO: ReadHtmlCache Behavior ::run [ RunTime:0.001575s ]
INFO: [ app_begin ] --END-- [ RunTime:0.001725s ]
INFO: [ view_parse ] --START--
INFO: ParseTemplate Behavior ::run [ RunTime:0.012478s ]
INFO: [ view_parse ] --END-- [ RunTime:0.012609s ]
INFO: [ view_filter ] --START--
INFO: ContentReplace Behavior ::run [ RunTime:0.002174s ]
INFO: TokenBuild Behavior ::run [ RunTime:0.002788s ]
INFO: WriteHtmlCache Behavior ::run [ RunTime:0.001271s ]
INFO: ShowRuntime Behavior ::run [ RunTime:0.001419s ]
INFO: [ view_filter ] --END-- [ RunTime:0.007981s ]
INFO: [ view_end ] --START--
INFO: ShowPageTrace Behavior ::run [ RunTime:0.001554s ]
INFO: [ view_end ] --END-- [ RunTime:0.001653s ]

[ 2014-11-10T17:45:45+08:00 ] 192.168.2.45 /bootstrap/css/bootstrap.min.css
INFO: [ route_check ] --START--
INFO: CheckRoute Behavior ::run [ RunTime:0.001421s ]
INFO: [ route_check ] --END-- [ RunTime:0.001529s ]
INFO: [ app_begin ] --START--
INFO: ReadHtmlCache Behavior ::run [ RunTime:0.000581s ]
INFO: [ app_begin ] --END-- [ RunTime:0.000658s ]
ERR: 无法加载模块:bootstrap

[ 2014-11-10T17:45:45+08:00 ] 192.168.2.45 /bootstrap/css/bootstrap-responsive.min.css
INFO: [ route_check ] --START--
INFO: CheckRoute Behavior ::run [ RunTime:0.001183s ]
INFO: [ route_check ] --END-- [ RunTime:0.001288s ]
INFO: [ app_begin ] --START--
INFO: ReadHtmlCache Behavior ::run [ RunTime:0.000722s ]
INFO: [ app_begin ] --END-- [ RunTime:0.000804s ]
ERR: 无法加载模块:bootstrap

[ 2014-11-10T17:45:45+08:00 ] 192.168.2.45 /assets/styles.css
INFO: [ route_check ] --START--
INFO: CheckRoute Behavior ::run [ RunTime:0.001400s ]
INFO: [ route_check ] --END-- [ RunTime:0.001521s ]
INFO: [ app_begin ] --START--
INFO: ReadHtmlCache Behavior ::run [ RunTime:0.000892s ]
INFO: [ app_begin ] --END-- [ RunTime:0.001005s ]
ERR: 无法加载模块:assets

[ 2014-11-10T17:45:45+08:00 ] 192.168.2.45 /js/vendor/modernizr-2.6.2-respond-1.1.0.min.js
INFO: [ route_check ] --START--
INFO: CheckRoute Behavior ::run [ RunTime:0.001162s ]
INFO: [ route_check ] --END-- [ RunTime:0.001275s ]
INFO: [ app_begin ] --START--
INFO: ReadHtmlCache Behavior ::run [ RunTime:0.001175s ]
INFO: [ app_begin ] --END-- [ RunTime:0.001292s ]
ERR: 无法加载模块:js

[ 2014-11-10T17:45:45+08:00 ] 192.168.2.45 /vendors/jquery-1.9.1.min.js
INFO: [ route_check ] --START--
INFO: CheckRoute Behavior ::run [ RunTime:0.000922s ]
INFO: [ route_check ] --END-- [ RunTime:0.001023s ]
INFO: [ app_begin ] --START--
INFO: ReadHtmlCache Behavior ::run [ RunTime:0.000618s ]
INFO: [ app_begin ] --END-- [ RunTime:0.000694s ]
ERR: 无法加载模块:vendors

[ 2014-11-10T17:45:45+08:00 ] 192.168.2.45 /bootstrap/js/bootstrap.min.js
INFO: [ route_check ] --START--
INFO: CheckRoute Behavior ::run [ RunTime:0.001081s ]
INFO: [ route_check ] --END-- [ RunTime:0.001199s ]
INFO: [ app_begin ] --START--
INFO: ReadHtmlCache Behavior ::run [ RunTime:0.000723s ]
INFO: [ app_begin ] --END-- [ RunTime:0.000806s ]
ERR: 无法加载模块:bootstrap

[ 2014-11-10T17:48:24+08:00 ] 192.168.2.45 /
INFO: [ app_begin ] --START--
INFO: ReadHtmlCache Behavior ::run [ RunTime:0.001415s ]
INFO: [ app_begin ] --END-- [ RunTime:0.001538s ]
INFO: [ view_parse ] --START--
INFO: ParseTemplate Behavior ::run [ RunTime:0.008456s ]
INFO: [ view_parse ] --END-- [ RunTime:0.008567s ]
INFO: [ view_filter ] --START--
INFO: ContentReplace Behavior ::run [ RunTime:0.000719s ]
INFO: TokenBuild Behavior ::run [ RunTime:0.000535s ]
INFO: WriteHtmlCache Behavior ::run [ RunTime:0.000406s ]
INFO: ShowRuntime Behavior ::run [ RunTime:0.000586s ]
INFO: [ view_filter ] --END-- [ RunTime:0.002455s ]
INFO: [ view_end ] --START--
INFO: ShowPageTrace Behavior ::run [ RunTime:0.000734s ]
INFO: [ view_end ] --END-- [ RunTime:0.000801s ]

[ 2014-11-10T17:48:25+08:00 ] 192.168.2.45 /js/vendor/modernizr-2.6.2-respond-1.1.0.min.js
INFO: [ route_check ] --START--
INFO: CheckRoute Behavior ::run [ RunTime:0.001201s ]
INFO: [ route_check ] --END-- [ RunTime:0.001311s ]
INFO: [ app_begin ] --START--
INFO: ReadHtmlCache Behavior ::run [ RunTime:0.000712s ]
INFO: [ app_begin ] --END-- [ RunTime:0.000785s ]
ERR: 无法加载模块:js

[ 2014-11-10T17:48:25+08:00 ] 192.168.2.45 /Public/js/login.js
INFO: [ route_check ] --START--
INFO: CheckRoute Behavior ::run [ RunTime:0.001135s ]
INFO: [ route_check ] --END-- [ RunTime:0.001242s ]
INFO: [ app_begin ] --START--
INFO: ReadHtmlCache Behavior ::run [ RunTime:0.000831s ]
INFO: [ app_begin ] --END-- [ RunTime:0.000926s ]
ERR: 无法加载模块:Public

[ 2014-11-10T17:48:43+08:00 ] 192.168.2.45 /
INFO: [ app_begin ] --START--
INFO: ReadHtmlCache Behavior ::run [ RunTime:0.001095s ]
INFO: [ app_begin ] --END-- [ RunTime:0.001253s ]
INFO: [ view_parse ] --START--
INFO: ParseTemplate Behavior ::run [ RunTime:0.011081s ]
INFO: [ view_parse ] --END-- [ RunTime:0.011207s ]
INFO: [ view_filter ] --START--
INFO: ContentReplace Behavior ::run [ RunTime:0.000627s ]
INFO: TokenBuild Behavior ::run [ RunTime:0.001733s ]
INFO: WriteHtmlCache Behavior ::run [ RunTime:0.000772s ]
INFO: ShowRuntime Behavior ::run [ RunTime:0.000725s ]
INFO: [ view_filter ] --END-- [ RunTime:0.005537s ]
INFO: [ view_end ] --START--
INFO: ShowPageTrace Behavior ::run [ RunTime:0.000925s ]
INFO: [ view_end ] --END-- [ RunTime:0.001021s ]

[ 2014-11-10T17:48:43+08:00 ] 192.168.2.45 /js/vendor/modernizr-2.6.2-respond-1.1.0.min.js
INFO: [ route_check ] --START--
INFO: CheckRoute Behavior ::run [ RunTime:0.001256s ]
INFO: [ route_check ] --END-- [ RunTime:0.001379s ]
INFO: [ app_begin ] --START--
INFO: ReadHtmlCache Behavior ::run [ RunTime:0.000898s ]
INFO: [ app_begin ] --END-- [ RunTime:0.000989s ]
ERR: 无法加载模块:js

[ 2014-11-10T17:48:43+08:00 ] 192.168.2.45 /Public/js/login.js
INFO: [ route_check ] --START--
INFO: CheckRoute Behavior ::run [ RunTime:0.000925s ]
INFO: [ route_check ] --END-- [ RunTime:0.001043s ]
INFO: [ app_begin ] --START--
INFO: ReadHtmlCache Behavior ::run [ RunTime:0.000708s ]
INFO: [ app_begin ] --END-- [ RunTime:0.000803s ]
ERR: 无法加载模块:Public

[ 2014-11-10T17:49:15+08:00 ] 192.168.2.45 /
INFO: [ app_begin ] --START--
INFO: ReadHtmlCache Behavior ::run [ RunTime:0.000589s ]
INFO: [ app_begin ] --END-- [ RunTime:0.000690s ]
INFO: [ view_parse ] --START--
INFO: ParseTemplate Behavior ::run [ RunTime:0.007796s ]
INFO: [ view_parse ] --END-- [ RunTime:0.007898s ]
INFO: [ view_filter ] --START--
INFO: ContentReplace Behavior ::run [ RunTime:0.000453s ]
INFO: TokenBuild Behavior ::run [ RunTime:0.000388s ]
INFO: WriteHtmlCache Behavior ::run [ RunTime:0.000298s ]
INFO: ShowRuntime Behavior ::run [ RunTime:0.000470s ]
INFO: [ view_filter ] --END-- [ RunTime:0.001806s ]
INFO: [ view_end ] --START--
INFO: ShowPageTrace Behavior ::run [ RunTime:0.000651s ]
INFO: [ view_end ] --END-- [ RunTime:0.000718s ]

[ 2014-11-10T17:49:16+08:00 ] 192.168.2.45 /js/vendor/modernizr-2.6.2-respond-1.1.0.min.js
INFO: [ route_check ] --START--
INFO: CheckRoute Behavior ::run [ RunTime:0.002784s ]
INFO: [ route_check ] --END-- [ RunTime:0.002906s ]
INFO: [ app_begin ] --START--
INFO: ReadHtmlCache Behavior ::run [ RunTime:0.001180s ]
INFO: [ app_begin ] --END-- [ RunTime:0.001283s ]
ERR: 无法加载模块:js

[ 2014-11-10T17:49:16+08:00 ] 192.168.2.45 /Public/js/login.js
INFO: [ route_check ] --START--
INFO: CheckRoute Behavior ::run [ RunTime:0.001106s ]
INFO: [ route_check ] --END-- [ RunTime:0.001222s ]
INFO: [ app_begin ] --START--
INFO: ReadHtmlCache Behavior ::run [ RunTime:0.000760s ]
INFO: [ app_begin ] --END-- [ RunTime:0.000854s ]
ERR: 无法加载模块:Public

[ 2014-11-10T17:49:43+08:00 ] 192.168.2.45 /
INFO: [ app_begin ] --START--
INFO: ReadHtmlCache Behavior ::run [ RunTime:0.000778s ]
INFO: [ app_begin ] --END-- [ RunTime:0.000888s ]
INFO: [ view_parse ] --START--
INFO: ParseTemplate Behavior ::run [ RunTime:0.008792s ]
INFO: [ view_parse ] --END-- [ RunTime:0.008896s ]
INFO: [ view_filter ] --START--
INFO: ContentReplace Behavior ::run [ RunTime:0.000558s ]
INFO: TokenBuild Behavior ::run [ RunTime:0.000625s ]
INFO: WriteHtmlCache Behavior ::run [ RunTime:0.000391s ]
INFO: ShowRuntime Behavior ::run [ RunTime:0.000592s ]
INFO: [ view_filter ] --END-- [ RunTime:0.002366s ]
INFO: [ view_end ] --START--
INFO: ShowPageTrace Behavior ::run [ RunTime:0.000748s ]
INFO: [ view_end ] --END-- [ RunTime:0.000821s ]

[ 2014-11-10T17:49:44+08:00 ] 192.168.2.45 /js/vendor/modernizr-2.6.2-respond-1.1.0.min.js
INFO: [ route_check ] --START--
INFO: CheckRoute Behavior ::run [ RunTime:0.001242s ]
INFO: [ route_check ] --END-- [ RunTime:0.001349s ]
INFO: [ app_begin ] --START--
INFO: ReadHtmlCache Behavior ::run [ RunTime:0.000641s ]
INFO: [ app_begin ] --END-- [ RunTime:0.000719s ]
ERR: 无法加载模块:js

[ 2014-11-10T17:49:44+08:00 ] 192.168.2.45 /Public/js/login.js
INFO: [ route_check ] --START--
INFO: CheckRoute Behavior ::run [ RunTime:0.001142s ]
INFO: [ route_check ] --END-- [ RunTime:0.001265s ]
INFO: [ app_begin ] --START--
INFO: ReadHtmlCache Behavior ::run [ RunTime:0.000748s ]
INFO: [ app_begin ] --END-- [ RunTime:0.000912s ]
ERR: 无法加载模块:Public

[ 2014-11-10T17:50:04+08:00 ] 192.168.2.45 /
INFO: [ app_begin ] --START--
INFO: ReadHtmlCache Behavior ::run [ RunTime:0.000585s ]
INFO: [ app_begin ] --END-- [ RunTime:0.000684s ]
INFO: [ view_parse ] --START--
INFO: ParseTemplate Behavior ::run [ RunTime:0.009226s ]
INFO: [ view_parse ] --END-- [ RunTime:0.009349s ]
INFO: [ view_filter ] --START--
INFO: ContentReplace Behavior ::run [ RunTime:0.000541s ]
INFO: TokenBuild Behavior ::run [ RunTime:0.000523s ]
INFO: WriteHtmlCache Behavior ::run [ RunTime:0.000299s ]
INFO: ShowRuntime Behavior ::run [ RunTime:0.000508s ]
INFO: [ view_filter ] --END-- [ RunTime:0.002080s ]
INFO: [ view_end ] --START--
INFO: ShowPageTrace Behavior ::run [ RunTime:0.000670s ]
INFO: [ view_end ] --END-- [ RunTime:0.000742s ]

[ 2014-11-10T17:50:04+08:00 ] 192.168.2.45 /js/vendor/modernizr-2.6.2-respond-1.1.0.min.js
INFO: [ route_check ] --START--
INFO: CheckRoute Behavior ::run [ RunTime:0.001122s ]
INFO: [ route_check ] --END-- [ RunTime:0.001227s ]
INFO: [ app_begin ] --START--
INFO: ReadHtmlCache Behavior ::run [ RunTime:0.000741s ]
INFO: [ app_begin ] --END-- [ RunTime:0.000823s ]
ERR: 无法加载模块:js

[ 2014-11-10T17:50:04+08:00 ] 192.168.2.45 /Public/js/login.js
INFO: [ route_check ] --START--
INFO: CheckRoute Behavior ::run [ RunTime:0.000956s ]
INFO: [ route_check ] --END-- [ RunTime:0.001070s ]
INFO: [ app_begin ] --START--
INFO: ReadHtmlCache Behavior ::run [ RunTime:0.000784s ]
INFO: [ app_begin ] --END-- [ RunTime:0.000877s ]
ERR: 无法加载模块:Public

[ 2014-11-10T17:50:06+08:00 ] 192.168.2.45 /
INFO: [ app_begin ] --START--
INFO: ReadHtmlCache Behavior ::run [ RunTime:0.000688s ]
INFO: [ app_begin ] --END-- [ RunTime:0.000792s ]
INFO: [ view_parse ] --START--
INFO: ParseTemplate Behavior ::run [ RunTime:0.007647s ]
INFO: [ view_parse ] --END-- [ RunTime:0.007748s ]
INFO: [ view_filter ] --START--
INFO: ContentReplace Behavior ::run [ RunTime:0.000503s ]
INFO: TokenBuild Behavior ::run [ RunTime:0.000402s ]
INFO: WriteHtmlCache Behavior ::run [ RunTime:0.000304s ]
INFO: ShowRuntime Behavior ::run [ RunTime:0.000478s ]
INFO: [ view_filter ] --END-- [ RunTime:0.001876s ]
INFO: [ view_end ] --START--
INFO: ShowPageTrace Behavior ::run [ RunTime:0.000779s ]
INFO: [ view_end ] --END-- [ RunTime:0.000870s ]

[ 2014-11-10T17:50:06+08:00 ] 192.168.2.45 /js/vendor/modernizr-2.6.2-respond-1.1.0.min.js
INFO: [ route_check ] --START--
INFO: CheckRoute Behavior ::run [ RunTime:0.000999s ]
INFO: [ route_check ] --END-- [ RunTime:0.001205s ]
INFO: [ app_begin ] --START--
INFO: ReadHtmlCache Behavior ::run [ RunTime:0.000743s ]
INFO: [ app_begin ] --END-- [ RunTime:0.000835s ]
ERR: 无法加载模块:js

[ 2014-11-10T17:50:06+08:00 ] 192.168.2.45 /Public/js/login.js
INFO: [ route_check ] --START--
INFO: CheckRoute Behavior ::run [ RunTime:0.001034s ]
INFO: [ route_check ] --END-- [ RunTime:0.001150s ]
INFO: [ app_begin ] --START--
INFO: ReadHtmlCache Behavior ::run [ RunTime:0.001026s ]
INFO: [ app_begin ] --END-- [ RunTime:0.001122s ]
ERR: 无法加载模块:Public

[ 2014-11-10T17:50:35+08:00 ] 192.168.2.45 /
INFO: [ app_begin ] --START--
INFO: ReadHtmlCache Behavior ::run [ RunTime:0.001008s ]
INFO: [ app_begin ] --END-- [ RunTime:0.001124s ]
INFO: [ view_parse ] --START--
INFO: ParseTemplate Behavior ::run [ RunTime:0.008788s ]
INFO: [ view_parse ] --END-- [ RunTime:0.008906s ]
INFO: [ view_filter ] --START--
INFO: ContentReplace Behavior ::run [ RunTime:0.001634s ]
INFO: TokenBuild Behavior ::run [ RunTime:0.000934s ]
INFO: WriteHtmlCache Behavior ::run [ RunTime:0.000395s ]
INFO: ShowRuntime Behavior ::run [ RunTime:0.001160s ]
INFO: [ view_filter ] --END-- [ RunTime:0.004551s ]
INFO: [ view_end ] --START--
INFO: ShowPageTrace Behavior ::run [ RunTime:0.001002s ]
INFO: [ view_end ] --END-- [ RunTime:0.001096s ]

[ 2014-11-10T17:50:35+08:00 ] 192.168.2.45 /js/vendor/modernizr-2.6.2-respond-1.1.0.min.js
INFO: [ route_check ] --START--
INFO: CheckRoute Behavior ::run [ RunTime:0.001155s ]
INFO: [ route_check ] --END-- [ RunTime:0.001266s ]
INFO: [ app_begin ] --START--
INFO: ReadHtmlCache Behavior ::run [ RunTime:0.000855s ]
INFO: [ app_begin ] --END-- [ RunTime:0.000955s ]
ERR: 无法加载模块:js

[ 2014-11-10T17:50:35+08:00 ] 192.168.2.45 /Public/js/login.js
INFO: [ route_check ] --START--
INFO: CheckRoute Behavior ::run [ RunTime:0.001174s ]
INFO: [ route_check ] --END-- [ RunTime:0.001299s ]
INFO: [ app_begin ] --START--
INFO: ReadHtmlCache Behavior ::run [ RunTime:0.001063s ]
INFO: [ app_begin ] --END-- [ RunTime:0.001178s ]
ERR: 无法加载模块:Public

[ 2014-11-10T17:50:50+08:00 ] 192.168.2.45 /
INFO: [ app_begin ] --START--
INFO: ReadHtmlCache Behavior ::run [ RunTime:0.000783s ]
INFO: [ app_begin ] --END-- [ RunTime:0.000899s ]
INFO: [ view_parse ] --START--
INFO: ParseTemplate Behavior ::run [ RunTime:0.010034s ]
INFO: [ view_parse ] --END-- [ RunTime:0.010143s ]
INFO: [ view_filter ] --START--
INFO: ContentReplace Behavior ::run [ RunTime:0.000644s ]
INFO: TokenBuild Behavior ::run [ RunTime:0.000857s ]
INFO: WriteHtmlCache Behavior ::run [ RunTime:0.000428s ]
INFO: ShowRuntime Behavior ::run [ RunTime:0.000603s ]
INFO: [ view_filter ] --END-- [ RunTime:0.002761s ]
INFO: [ view_end ] --START--
INFO: ShowPageTrace Behavior ::run [ RunTime:0.000734s ]
INFO: [ view_end ] --END-- [ RunTime:0.000814s ]

[ 2014-11-10T17:50:50+08:00 ] 192.168.2.45 /js/vendor/modernizr-2.6.2-respond-1.1.0.min.js
INFO: [ route_check ] --START--
INFO: CheckRoute Behavior ::run [ RunTime:0.001199s ]
INFO: [ route_check ] --END-- [ RunTime:0.001315s ]
INFO: [ app_begin ] --START--
INFO: ReadHtmlCache Behavior ::run [ RunTime:0.000667s ]
INFO: [ app_begin ] --END-- [ RunTime:0.000746s ]
ERR: 无法加载模块:js

[ 2014-11-10T17:50:50+08:00 ] 192.168.2.45 /Public/js/login.js
INFO: [ route_check ] --START--
INFO: CheckRoute Behavior ::run [ RunTime:0.001011s ]
INFO: [ route_check ] --END-- [ RunTime:0.001130s ]
INFO: [ app_begin ] --START--
INFO: ReadHtmlCache Behavior ::run [ RunTime:0.000787s ]
INFO: [ app_begin ] --END-- [ RunTime:0.000875s ]
ERR: 无法加载模块:Public

[ 2014-11-10T17:50:51+08:00 ] 192.168.2.45 /
INFO: [ app_begin ] --START--
INFO: ReadHtmlCache Behavior ::run [ RunTime:0.000676s ]
INFO: [ app_begin ] --END-- [ RunTime:0.000781s ]
INFO: [ view_parse ] --START--
INFO: ParseTemplate Behavior ::run [ RunTime:0.013363s ]
INFO: [ view_parse ] --END-- [ RunTime:0.013491s ]
INFO: [ view_filter ] --START--
INFO: ContentReplace Behavior ::run [ RunTime:0.000681s ]
INFO: TokenBuild Behavior ::run [ RunTime:0.000770s ]
INFO: WriteHtmlCache Behavior ::run [ RunTime:0.002036s ]
INFO: ShowRuntime Behavior ::run [ RunTime:0.000880s ]
INFO: [ view_filter ] --END-- [ RunTime:0.004677s ]
INFO: [ view_end ] --START--
INFO: ShowPageTrace Behavior ::run [ RunTime:0.000936s ]
INFO: [ view_end ] --END-- [ RunTime:0.001016s ]

[ 2014-11-10T17:50:51+08:00 ] 192.168.2.45 /js/vendor/modernizr-2.6.2-respond-1.1.0.min.js
INFO: [ route_check ] --START--
INFO: CheckRoute Behavior ::run [ RunTime:0.001311s ]
INFO: [ route_check ] --END-- [ RunTime:0.001431s ]
INFO: [ app_begin ] --START--
INFO: ReadHtmlCache Behavior ::run [ RunTime:0.000666s ]
INFO: [ app_begin ] --END-- [ RunTime:0.000744s ]
ERR: 无法加载模块:js

[ 2014-11-10T17:50:51+08:00 ] 192.168.2.45 /Public/js/login.js
INFO: [ route_check ] --START--
INFO: CheckRoute Behavior ::run [ RunTime:0.002276s ]
INFO: [ route_check ] --END-- [ RunTime:0.002401s ]
INFO: [ app_begin ] --START--
INFO: ReadHtmlCache Behavior ::run [ RunTime:0.000669s ]
INFO: [ app_begin ] --END-- [ RunTime:0.000749s ]
ERR: 无法加载模块:Public

[ 2014-11-10T17:51:04+08:00 ] 192.168.2.45 /Index/news
INFO: [ route_check ] --START--
INFO: CheckRoute Behavior ::run [ RunTime:0.000919s ]
INFO: [ route_check ] --END-- [ RunTime:0.001025s ]
INFO: [ app_begin ] --START--
INFO: ReadHtmlCache Behavior ::run [ RunTime:0.000603s ]
INFO: [ app_begin ] --END-- [ RunTime:0.000684s ]
NOTIC: [2048] Declaration of IndexAction::show() should be compatible with Action::show($content, $charset = '', $contentType = '', $prefix = '') E:\PHP\ms-admin\Lib\Action\IndexAction.class.php 第 2 行.
ERR: 非法操作:news

[ 2014-11-10T17:51:10+08:00 ] 192.168.2.45 /Index/
INFO: [ route_check ] --START--
INFO: CheckRoute Behavior ::run [ RunTime:0.000966s ]
INFO: [ route_check ] --END-- [ RunTime:0.001062s ]
INFO: [ app_begin ] --START--
INFO: ReadHtmlCache Behavior ::run [ RunTime:0.000575s ]
INFO: [ app_begin ] --END-- [ RunTime:0.000640s ]
NOTIC: [2048] Declaration of IndexAction::show() should be compatible with Action::show($content, $charset = '', $contentType = '', $prefix = '') E:\PHP\ms-admin\Lib\Action\IndexAction.class.php 第 2 行.
INFO: [ view_parse ] --START--
INFO: ParseTemplate Behavior ::run [ RunTime:0.026451s ]
INFO: [ view_parse ] --END-- [ RunTime:0.026551s ]
INFO: [ view_filter ] --START--
INFO: ContentReplace Behavior ::run [ RunTime:0.000464s ]
INFO: TokenBuild Behavior ::run [ RunTime:0.000404s ]
INFO: WriteHtmlCache Behavior ::run [ RunTime:0.000342s ]
INFO: ShowRuntime Behavior ::run [ RunTime:0.000489s ]
INFO: [ view_filter ] --END-- [ RunTime:0.001898s ]
INFO: [ view_end ] --START--
INFO: ShowPageTrace Behavior ::run [ RunTime:0.000589s ]
INFO: [ view_end ] --END-- [ RunTime:0.000654s ]

[ 2014-11-10T17:51:11+08:00 ] 192.168.2.45 /Show/show
INFO: [ route_check ] --START--
INFO: CheckRoute Behavior ::run [ RunTime:0.000957s ]
INFO: [ route_check ] --END-- [ RunTime:0.001097s ]
INFO: [ app_begin ] --START--
INFO: ReadHtmlCache Behavior ::run [ RunTime:0.000685s ]
INFO: [ app_begin ] --END-- [ RunTime:0.000772s ]
NOTIC: [2048] Declaration of ShowAction::show() should be compatible with Action::show($content, $charset = '', $contentType = '', $prefix = '') E:\PHP\ms-admin\Lib\Action\ShowAction.class.php 第 2 行.
INFO: [ view_parse ] --START--
INFO: ParseTemplate Behavior ::run [ RunTime:0.008415s ]
INFO: [ view_parse ] --END-- [ RunTime:0.008526s ]
INFO: [ view_filter ] --START--
INFO: ContentReplace Behavior ::run [ RunTime:0.000498s ]
INFO: TokenBuild Behavior ::run [ RunTime:0.000538s ]
INFO: WriteHtmlCache Behavior ::run [ RunTime:0.000399s ]
INFO: ShowRuntime Behavior ::run [ RunTime:0.000562s ]
INFO: [ view_filter ] --END-- [ RunTime:0.002293s ]
INFO: [ view_end ] --START--
INFO: ShowPageTrace Behavior ::run [ RunTime:0.001200s ]
INFO: [ view_end ] --END-- [ RunTime:0.001302s ]

[ 2014-11-10T17:51:14+08:00 ] 192.168.2.45 /About/about
INFO: [ route_check ] --START--
INFO: CheckRoute Behavior ::run [ RunTime:0.000948s ]
INFO: [ route_check ] --END-- [ RunTime:0.001066s ]
INFO: [ app_begin ] --START--
INFO: ReadHtmlCache Behavior ::run [ RunTime:0.000583s ]
INFO: [ app_begin ] --END-- [ RunTime:0.000649s ]
INFO: [ view_parse ] --START--
INFO: ParseTemplate Behavior ::run [ RunTime:0.007330s ]
INFO: [ view_parse ] --END-- [ RunTime:0.007448s ]
INFO: [ view_filter ] --START--
INFO: ContentReplace Behavior ::run [ RunTime:0.000517s ]
INFO: TokenBuild Behavior ::run [ RunTime:0.000478s ]
INFO: WriteHtmlCache Behavior ::run [ RunTime:0.000341s ]
INFO: ShowRuntime Behavior ::run [ RunTime:0.001033s ]
INFO: [ view_filter ] --END-- [ RunTime:0.002607s ]
INFO: [ view_end ] --START--
INFO: ShowPageTrace Behavior ::run [ RunTime:0.000834s ]
INFO: [ view_end ] --END-- [ RunTime:0.000915s ]

[ 2014-11-10T17:51:15+08:00 ] 192.168.2.45 /News/news
INFO: [ route_check ] --START--
INFO: CheckRoute Behavior ::run [ RunTime:0.000938s ]
INFO: [ route_check ] --END-- [ RunTime:0.001054s ]
INFO: [ app_begin ] --START--
INFO: ReadHtmlCache Behavior ::run [ RunTime:0.000651s ]
INFO: [ app_begin ] --END-- [ RunTime:0.000730s ]
INFO: [ view_parse ] --START--
INFO: ParseTemplate Behavior ::run [ RunTime:0.041530s ]
INFO: [ view_parse ] --END-- [ RunTime:0.041651s ]
INFO: [ view_filter ] --START--
INFO: ContentReplace Behavior ::run [ RunTime:0.000684s ]
INFO: TokenBuild Behavior ::run [ RunTime:0.000527s ]
INFO: WriteHtmlCache Behavior ::run [ RunTime:0.000408s ]
INFO: ShowRuntime Behavior ::run [ RunTime:0.000563s ]
INFO: [ view_filter ] --END-- [ RunTime:0.002427s ]
INFO: [ view_end ] --START--
INFO: ShowPageTrace Behavior ::run [ RunTime:0.000746s ]
INFO: [ view_end ] --END-- [ RunTime:0.000836s ]

[ 2014-11-10T17:51:16+08:00 ] 192.168.2.45 /Notice/notice
INFO: [ route_check ] --START--
INFO: CheckRoute Behavior ::run [ RunTime:0.000819s ]
INFO: [ route_check ] --END-- [ RunTime:0.000924s ]
INFO: [ app_begin ] --START--
INFO: ReadHtmlCache Behavior ::run [ RunTime:0.000678s ]
INFO: [ app_begin ] --END-- [ RunTime:0.000765s ]
NOTIC: [8] Constant THEME_NAME already defined E:\PHP\ms-admin\ThinkPHP\Lib\Core\View.class.php 第 223 行.
NOTIC: [8] Constant THEME_PATH already defined E:\PHP\ms-admin\ThinkPHP\Lib\Core\View.class.php 第 174 行.
NOTIC: [8] Constant APP_TMPL_PATH already defined E:\PHP\ms-admin\ThinkPHP\Lib\Core\View.class.php 第 175 行.
INFO: [ view_parse ] --START--
INFO: ParseTemplate Behavior ::run [ RunTime:0.007790s ]
INFO: [ view_parse ] --END-- [ RunTime:0.007891s ]
INFO: [ view_filter ] --START--
INFO: ContentReplace Behavior ::run [ RunTime:0.000423s ]
INFO: TokenBuild Behavior ::run [ RunTime:0.000407s ]
INFO: WriteHtmlCache Behavior ::run [ RunTime:0.000316s ]
INFO: ShowRuntime Behavior ::run [ RunTime:0.000467s ]
INFO: [ view_filter ] --END-- [ RunTime:0.001811s ]
INFO: [ view_end ] --START--
INFO: ShowPageTrace Behavior ::run [ RunTime:0.000653s ]
INFO: [ view_end ] --END-- [ RunTime:0.000728s ]

[ 2014-11-10T17:51:17+08:00 ] 192.168.2.45 /User/user
INFO: [ route_check ] --START--
INFO: CheckRoute Behavior ::run [ RunTime:0.000991s ]
INFO: [ route_check ] --END-- [ RunTime:0.001108s ]
INFO: [ app_begin ] --START--
INFO: ReadHtmlCache Behavior ::run [ RunTime:0.000969s ]
INFO: [ app_begin ] --END-- [ RunTime:0.001070s ]
INFO: [ view_parse ] --START--
INFO: ParseTemplate Behavior ::run [ RunTime:0.025519s ]
INFO: [ view_parse ] --END-- [ RunTime:0.025641s ]
INFO: [ view_filter ] --START--
INFO: ContentReplace Behavior ::run [ RunTime:0.000511s ]
INFO: TokenBuild Behavior ::run [ RunTime:0.000514s ]
INFO: WriteHtmlCache Behavior ::run [ RunTime:0.000413s ]
INFO: ShowRuntime Behavior ::run [ RunTime:0.000598s ]
INFO: [ view_filter ] --END-- [ RunTime:0.002274s ]
INFO: [ view_end ] --START--
INFO: ShowPageTrace Behavior ::run [ RunTime:0.000812s ]
INFO: [ view_end ] --END-- [ RunTime:0.000899s ]

[ 2014-11-10T17:52:22+08:00 ] 192.168.2.45 /
INFO: [ app_begin ] --START--
INFO: ReadHtmlCache Behavior ::run [ RunTime:0.000665s ]
INFO: [ app_begin ] --END-- [ RunTime:0.000766s ]
INFO: [ view_parse ] --START--
INFO: ParseTemplate Behavior ::run [ RunTime:0.007545s ]
INFO: [ view_parse ] --END-- [ RunTime:0.007648s ]
INFO: [ view_filter ] --START--
INFO: ContentReplace Behavior ::run [ RunTime:0.000440s ]
INFO: TokenBuild Behavior ::run [ RunTime:0.000395s ]
INFO: WriteHtmlCache Behavior ::run [ RunTime:0.000286s ]
INFO: ShowRuntime Behavior ::run [ RunTime:0.000481s ]
INFO: [ view_filter ] --END-- [ RunTime:0.001789s ]
INFO: [ view_end ] --START--
INFO: ShowPageTrace Behavior ::run [ RunTime:0.000616s ]
INFO: [ view_end ] --END-- [ RunTime:0.000681s ]

[ 2014-11-10T17:52:22+08:00 ] 192.168.2.45 /js/vendor/modernizr-2.6.2-respond-1.1.0.min.js
INFO: [ route_check ] --START--
INFO: CheckRoute Behavior ::run [ RunTime:0.000839s ]
INFO: [ route_check ] --END-- [ RunTime:0.000947s ]
INFO: [ app_begin ] --START--
INFO: ReadHtmlCache Behavior ::run [ RunTime:0.002265s ]
INFO: [ app_begin ] --END-- [ RunTime:0.002369s ]
ERR: 无法加载模块:js

[ 2014-11-10T17:52:22+08:00 ] 192.168.2.45 /Public/js/login.js
INFO: [ route_check ] --START--
INFO: CheckRoute Behavior ::run [ RunTime:0.000939s ]
INFO: [ route_check ] --END-- [ RunTime:0.001145s ]
INFO: [ app_begin ] --START--
INFO: ReadHtmlCache Behavior ::run [ RunTime:0.000746s ]
INFO: [ app_begin ] --END-- [ RunTime:0.000846s ]
ERR: 无法加载模块:Public

[ 2014-11-10T17:52:37+08:00 ] 192.168.2.45 /
INFO: [ app_begin ] --START--
INFO: ReadHtmlCache Behavior ::run [ RunTime:0.000920s ]
INFO: [ app_begin ] --END-- [ RunTime:0.001035s ]
INFO: [ view_parse ] --START--
INFO: ParseTemplate Behavior ::run [ RunTime:0.010997s ]
INFO: [ view_parse ] --END-- [ RunTime:0.011114s ]
INFO: [ view_filter ] --START--
INFO: ContentReplace Behavior ::run [ RunTime:0.000713s ]
INFO: TokenBuild Behavior ::run [ RunTime:0.001676s ]
INFO: WriteHtmlCache Behavior ::run [ RunTime:0.000485s ]
INFO: ShowRuntime Behavior ::run [ RunTime:0.000565s ]
INFO: [ view_filter ] --END-- [ RunTime:0.003693s ]
INFO: [ view_end ] --START--
INFO: ShowPageTrace Behavior ::run [ RunTime:0.000797s ]
INFO: [ view_end ] --END-- [ RunTime:0.000887s ]

[ 2014-11-10T17:52:37+08:00 ] 192.168.2.45 /js/vendor/modernizr-2.6.2-respond-1.1.0.min.js
INFO: [ route_check ] --START--
INFO: CheckRoute Behavior ::run [ RunTime:0.000910s ]
INFO: [ route_check ] --END-- [ RunTime:0.001014s ]
INFO: [ app_begin ] --START--
INFO: ReadHtmlCache Behavior ::run [ RunTime:0.000612s ]
INFO: [ app_begin ] --END-- [ RunTime:0.000686s ]
ERR: 无法加载模块:js

[ 2014-11-10T17:52:37+08:00 ] 192.168.2.45 /Public/js/login.js
INFO: [ route_check ] --START--
INFO: CheckRoute Behavior ::run [ RunTime:0.001035s ]
INFO: [ route_check ] --END-- [ RunTime:0.001132s ]
INFO: [ app_begin ] --START--
INFO: ReadHtmlCache Behavior ::run [ RunTime:0.000669s ]
INFO: [ app_begin ] --END-- [ RunTime:0.000741s ]
ERR: 无法加载模块:Public

[ 2014-11-10T17:52:52+08:00 ] 192.168.2.45 /
INFO: [ app_begin ] --START--
INFO: ReadHtmlCache Behavior ::run [ RunTime:0.001298s ]
INFO: [ app_begin ] --END-- [ RunTime:0.001545s ]
INFO: [ view_parse ] --START--
INFO: ParseTemplate Behavior ::run [ RunTime:0.009624s ]
INFO: [ view_parse ] --END-- [ RunTime:0.009742s ]
INFO: [ view_filter ] --START--
INFO: ContentReplace Behavior ::run [ RunTime:0.000728s ]
INFO: TokenBuild Behavior ::run [ RunTime:0.001788s ]
INFO: WriteHtmlCache Behavior ::run [ RunTime:0.000499s ]
INFO: ShowRuntime Behavior ::run [ RunTime:0.000635s ]
INFO: [ view_filter ] --END-- [ RunTime:0.003901s ]
INFO: [ view_end ] --START--
INFO: ShowPageTrace Behavior ::run [ RunTime:0.001138s ]
INFO: [ view_end ] --END-- [ RunTime:0.001232s ]

[ 2014-11-10T17:52:53+08:00 ] 192.168.2.45 /js/vendor/modernizr-2.6.2-respond-1.1.0.min.js
INFO: [ route_check ] --START--
INFO: CheckRoute Behavior ::run [ RunTime:0.000901s ]
INFO: [ route_check ] --END-- [ RunTime:0.001011s ]
INFO: [ app_begin ] --START--
INFO: ReadHtmlCache Behavior ::run [ RunTime:0.000699s ]
INFO: [ app_begin ] --END-- [ RunTime:0.000787s ]
ERR: 无法加载模块:js

[ 2014-11-10T17:52:53+08:00 ] 192.168.2.45 /Public/js/login.js
INFO: [ route_check ] --START--
INFO: CheckRoute Behavior ::run [ RunTime:0.000967s ]
INFO: [ route_check ] --END-- [ RunTime:0.001084s ]
INFO: [ app_begin ] --START--
INFO: ReadHtmlCache Behavior ::run [ RunTime:0.000798s ]
INFO: [ app_begin ] --END-- [ RunTime:0.000889s ]
ERR: 无法加载模块:Public

[ 2014-11-10T17:53:19+08:00 ] 192.168.2.45 /Index
INFO: [ route_check ] --START--
INFO: CheckRoute Behavior ::run [ RunTime:0.001251s ]
INFO: [ route_check ] --END-- [ RunTime:0.001369s ]
INFO: [ app_begin ] --START--
INFO: ReadHtmlCache Behavior ::run [ RunTime:0.000730s ]
INFO: [ app_begin ] --END-- [ RunTime:0.000803s ]
NOTIC: [2048] Declaration of IndexAction::show() should be compatible with Action::show($content, $charset = '', $contentType = '', $prefix = '') E:\PHP\ms-admin\Lib\Action\IndexAction.class.php 第 2 行.
INFO: [ view_parse ] --START--
INFO: ParseTemplate Behavior ::run [ RunTime:0.009967s ]
INFO: [ view_parse ] --END-- [ RunTime:0.010075s ]
INFO: [ view_filter ] --START--
INFO: ContentReplace Behavior ::run [ RunTime:0.000594s ]
INFO: TokenBuild Behavior ::run [ RunTime:0.000683s ]
INFO: WriteHtmlCache Behavior ::run [ RunTime:0.000392s ]
INFO: ShowRuntime Behavior ::run [ RunTime:0.000584s ]
INFO: [ view_filter ] --END-- [ RunTime:0.002457s ]
INFO: [ view_end ] --START--
INFO: ShowPageTrace Behavior ::run [ RunTime:0.000732s ]
INFO: [ view_end ] --END-- [ RunTime:0.000802s ]

[ 2014-11-10T17:53:20+08:00 ] 192.168.2.45 /Show/show
INFO: [ route_check ] --START--
INFO: CheckRoute Behavior ::run [ RunTime:0.000940s ]
INFO: [ route_check ] --END-- [ RunTime:0.001053s ]
INFO: [ app_begin ] --START--
INFO: ReadHtmlCache Behavior ::run [ RunTime:0.001292s ]
INFO: [ app_begin ] --END-- [ RunTime:0.001387s ]
NOTIC: [2048] Declaration of ShowAction::show() should be compatible with Action::show($content, $charset = '', $contentType = '', $prefix = '') E:\PHP\ms-admin\Lib\Action\ShowAction.class.php 第 2 行.
INFO: [ view_parse ] --START--
INFO: ParseTemplate Behavior ::run [ RunTime:0.009970s ]
INFO: [ view_parse ] --END-- [ RunTime:0.010090s ]
INFO: [ view_filter ] --START--
INFO: ContentReplace Behavior ::run [ RunTime:0.001284s ]
INFO: TokenBuild Behavior ::run [ RunTime:0.000923s ]
INFO: WriteHtmlCache Behavior ::run [ RunTime:0.000420s ]
INFO: ShowRuntime Behavior ::run [ RunTime:0.000580s ]
INFO: [ view_filter ] --END-- [ RunTime:0.003470s ]
INFO: [ view_end ] --START--
INFO: ShowPageTrace Behavior ::run [ RunTime:0.000950s ]
INFO: [ view_end ] --END-- [ RunTime:0.001104s ]

[ 2014-11-10T17:53:22+08:00 ] 192.168.2.45 /About/about
INFO: [ route_check ] --START--
INFO: CheckRoute Behavior ::run [ RunTime:0.001155s ]
INFO: [ route_check ] --END-- [ RunTime:0.001271s ]
INFO: [ app_begin ] --START--
INFO: ReadHtmlCache Behavior ::run [ RunTime:0.000747s ]
INFO: [ app_begin ] --END-- [ RunTime:0.000840s ]
INFO: [ view_parse ] --START--
INFO: ParseTemplate Behavior ::run [ RunTime:0.007308s ]
INFO: [ view_parse ] --END-- [ RunTime:0.007429s ]
INFO: [ view_filter ] --START--
INFO: ContentReplace Behavior ::run [ RunTime:0.000444s ]
INFO: TokenBuild Behavior ::run [ RunTime:0.000398s ]
INFO: WriteHtmlCache Behavior ::run [ RunTime:0.000272s ]
INFO: ShowRuntime Behavior ::run [ RunTime:0.000457s ]
INFO: [ view_filter ] --END-- [ RunTime:0.001747s ]
INFO: [ view_end ] --START--
INFO: ShowPageTrace Behavior ::run [ RunTime:0.000593s ]
INFO: [ view_end ] --END-- [ RunTime:0.000657s ]

[ 2014-11-10T17:53:23+08:00 ] 192.168.2.45 /News/news
INFO: [ route_check ] --START--
INFO: CheckRoute Behavior ::run [ RunTime:0.000837s ]
INFO: [ route_check ] --END-- [ RunTime:0.001048s ]
INFO: [ app_begin ] --START--
INFO: ReadHtmlCache Behavior ::run [ RunTime:0.000655s ]
INFO: [ app_begin ] --END-- [ RunTime:0.000732s ]
INFO: [ view_parse ] --START--
INFO: ParseTemplate Behavior ::run [ RunTime:0.012103s ]
INFO: [ view_parse ] --END-- [ RunTime:0.012208s ]
INFO: [ view_filter ] --START--
INFO: ContentReplace Behavior ::run [ RunTime:0.000501s ]
INFO: TokenBuild Behavior ::run [ RunTime:0.000436s ]
INFO: WriteHtmlCache Behavior ::run [ RunTime:0.003335s ]
INFO: ShowRuntime Behavior ::run [ RunTime:0.001131s ]
INFO: [ view_filter ] --END-- [ RunTime:0.005730s ]
INFO: [ view_end ] --START--
INFO: ShowPageTrace Behavior ::run [ RunTime:0.000932s ]
INFO: [ view_end ] --END-- [ RunTime:0.001044s ]

[ 2014-11-10T17:53:24+08:00 ] 192.168.2.45 /Notice/notice
INFO: [ route_check ] --START--
INFO: CheckRoute Behavior ::run [ RunTime:0.001074s ]
INFO: [ route_check ] --END-- [ RunTime:0.001187s ]
INFO: [ app_begin ] --START--
INFO: ReadHtmlCache Behavior ::run [ RunTime:0.000760s ]
INFO: [ app_begin ] --END-- [ RunTime:0.000858s ]
NOTIC: [8] Constant THEME_NAME already defined E:\PHP\ms-admin\ThinkPHP\Lib\Core\View.class.php 第 223 行.
NOTIC: [8] Constant THEME_PATH already defined E:\PHP\ms-admin\ThinkPHP\Lib\Core\View.class.php 第 174 行.
NOTIC: [8] Constant APP_TMPL_PATH already defined E:\PHP\ms-admin\ThinkPHP\Lib\Core\View.class.php 第 175 行.
INFO: [ view_parse ] --START--
INFO: ParseTemplate Behavior ::run [ RunTime:0.007884s ]
INFO: [ view_parse ] --END-- [ RunTime:0.007994s ]
INFO: [ view_filter ] --START--
INFO: ContentReplace Behavior ::run [ RunTime:0.000497s ]
INFO: TokenBuild Behavior ::run [ RunTime:0.000548s ]
INFO: WriteHtmlCache Behavior ::run [ RunTime:0.000343s ]
INFO: ShowRuntime Behavior ::run [ RunTime:0.000601s ]
INFO: [ view_filter ] --END-- [ RunTime:0.002251s ]
INFO: [ view_end ] --START--
INFO: ShowPageTrace Behavior ::run [ RunTime:0.000787s ]
INFO: [ view_end ] --END-- [ RunTime:0.000862s ]

[ 2014-11-10T17:53:25+08:00 ] 192.168.2.45 /User/user
INFO: [ route_check ] --START--
INFO: CheckRoute Behavior ::run [ RunTime:0.000950s ]
INFO: [ route_check ] --END-- [ RunTime:0.001065s ]
INFO: [ app_begin ] --START--
INFO: ReadHtmlCache Behavior ::run [ RunTime:0.000865s ]
INFO: [ app_begin ] --END-- [ RunTime:0.000957s ]
INFO: [ view_parse ] --START--
INFO: ParseTemplate Behavior ::run [ RunTime:0.007126s ]
INFO: [ view_parse ] --END-- [ RunTime:0.007234s ]
INFO: [ view_filter ] --START--
INFO: ContentReplace Behavior ::run [ RunTime:0.000428s ]
INFO: TokenBuild Behavior ::run [ RunTime:0.000451s ]
INFO: WriteHtmlCache Behavior ::run [ RunTime:0.000301s ]
INFO: ShowRuntime Behavior ::run [ RunTime:0.000481s ]
INFO: [ view_filter ] --END-- [ RunTime:0.001956s ]
INFO: [ view_end ] --START--
INFO: ShowPageTrace Behavior ::run [ RunTime:0.000619s ]
INFO: [ view_end ] --END-- [ RunTime:0.000685s ]

[ 2014-11-10T17:54:19+08:00 ] 192.168.2.45 /Show/addshow
INFO: [ route_check ] --START--
INFO: CheckRoute Behavior ::run [ RunTime:0.002847s ]
INFO: [ route_check ] --END-- [ RunTime:0.002971s ]
INFO: [ app_begin ] --START--
INFO: ReadHtmlCache Behavior ::run [ RunTime:0.000753s ]
INFO: [ app_begin ] --END-- [ RunTime:0.000943s ]
NOTIC: [2048] Declaration of ShowAction::show() should be compatible with Action::show($content, $charset = '', $contentType = '', $prefix = '') E:\PHP\ms-admin\Lib\Action\ShowAction.class.php 第 2 行.
INFO: [ view_parse ] --START--
INFO: ParseTemplate Behavior ::run [ RunTime:0.007807s ]
INFO: [ view_parse ] --END-- [ RunTime:0.007907s ]
INFO: [ view_filter ] --START--
INFO: ContentReplace Behavior ::run [ RunTime:0.000437s ]
INFO: TokenBuild Behavior ::run [ RunTime:0.000414s ]
INFO: WriteHtmlCache Behavior ::run [ RunTime:0.000363s ]
INFO: ShowRuntime Behavior ::run [ RunTime:0.000655s ]
INFO: [ view_filter ] --END-- [ RunTime:0.002087s ]
INFO: [ view_end ] --START--
INFO: ShowPageTrace Behavior ::run [ RunTime:0.000712s ]
INFO: [ view_end ] --END-- [ RunTime:0.000781s ]

